I'll start by reading the design spec to understand what needs to be built, then invoke the appropriate skill for executing this implementation plan.
I've read the comprehensive spec. This is a multi-step implementation task with clear deliverables. Let me first examine existing content files to understand the exact format, then implement all components.
Let me check another blueprint and archetype for the full format.
Let me set up a task list to track this implementation.
All JSON files validate successfully. Now let me test with the CLI.
The CLI started but the `--blueprint` flag prompts interactively. Let me run tests instead to verify the content files are properly integrated.
All tests pass. Let me verify the registry can resolve the new carbon content.
## Summary

Successfully implemented the Carbon AI Portal blueprint. Here's what was created:

### Theme
- `content/themes/carbon.json` - Neutral-cool grayscale theme with light/dark/auto modes and CVD support (deuteranopia, protanopia)

### Recipe  
- `content/recipes/carbon.json` - 10 decorators (carbon-glass, carbon-card, carbon-input, carbon-code, etc.), smooth animations (no bounce), 80px section padding

### Shell
- Added `chat-portal` to `content/core/shells.json` - Grid layout with collapsible 280px sidebar (collapses to 64px rail), 52px header, anchored input area

### Patterns (11 new)
| Pattern | Presets | Description |
|---------|---------|-------------|
| `chat-message` | 3 | User/assistant/system message bubbles |
| `chat-input` | 2 | Standard + rich with toolbar |
| `chat-thread` | 2 | Standard + branched |
| `chat-header` | 2 | Standard + compact |
| `conversation-list` | 2 | Standard + compact (rail) |
| `pricing-usage` | 2 | Standard + compact |
| `auth-form` | 8 | login, register, forgot-password, reset-password, verify-email, mfa-setup, mfa-verify, phone-verify |
| `session-manager` | 1 | Active sessions with revoke |
| `account-settings` | 4 | profile, security, preferences, danger-zone |
| `contact-form` | 2 | Standard + compact |
| `legal-prose` | 3 | privacy, terms, cookies |

### Archetypes (7 new)
| Archetype | Pages | Features |
|-----------|-------|----------|
| `ai-chatbot` | 2 | chat, markdown, file-upload |
| `marketing-saas` | 1 | pricing, testimonials |
| `auth-full` | 8 | auth, mfa, oauth |
| `settings-full` | 4 | profile-edit, session-management |
| `about-hybrid` | 1 | team-grid, values |
| `contact` | 1 | form-validation, spam-protection |
| `legal` | 3 | toc-navigation, print-friendly |

### Blueprint
- `content/blueprints/carbon-ai-portal.json` - Composes all 7 archetypes with 19 routes

### Verification
- All 92 JSON files parse without errors
- All 280 test suite tests pass
- Theme, recipe, shell, and blueprint load correctly
