I'll design and implement a complete Real-Time Collaboration Workspace blueprint. Let me start by examining the Carbon AI Portal spec as my structural template and understanding the existing content structure.
Let me also examine some existing patterns, themes, and recipes to understand the schema format.
Let me read a few more pattern and archetype files to understand the complete schema format.
Now I have a comprehensive understanding of the schema formats. Let me create the full design specification document first, then implement all the JSON files.
Now let me implement all the JSON files. I'll start with the theme, recipe, and shell update.
Now let me add the `workspace-aside` shell to shells.json.
Now let me create all the new patterns. I'll create them in parallel batches for efficiency.
Continuing with more patterns.
Continuing with the remaining patterns.
Now let me create the archetypes.
Now let me create the blueprint to tie everything together.
Now let me create a test directory and validate the JSON files.
All JSON files are valid. Let me also test with the Decantr CLI.
All patterns are registered. Let me verify the shell and get details on the blueprint.
Let me run the test suite to ensure nothing broke.
All tests pass. Here's a summary of what was created:

## Summary: Real-Time Collaboration Workspace Blueprint

### Files Created

**Design Spec:**
- `docs/superpowers/specs/2026-03-27-realtime-collaboration-workspace-design.md`

**Theme & Recipe:**
- `content/themes/paper.json` — Warm, minimal theme with cream whites and soft charcoal
- `content/recipes/paper.json` — Natural animations, generous whitespace

**Shell (updated):**
- `content/core/shells.json` — Added `workspace-aside` (three-column: nav, body, aside)

**New Patterns (11):**
| Pattern | Description |
|---------|-------------|
| `doc-editor` | Rich text block editor with CRDT sync, floating toolbar, slash commands |
| `presence-avatars` | Collaborator avatar stack with presence color rings |
| `remote-cursor` | Real-time cursor with name label and smooth interpolation |
| `comment-thread` | Inline/sidebar comments with replies, reactions, resolve |
| `page-tree` | Hierarchical navigation with drag-drop reorder |
| `share-modal` | Email invite, shareable link, member management |
| `permission-matrix` | Role-based access control grid |
| `version-history` | Document revision timeline with diff and restore |
| `mention-popup` | @mention autocomplete with keyboard navigation |
| `slash-command` | `/` command palette for block types |
| `block-toolbar` | Floating formatting toolbar on selection |

**New Archetypes (4):**
| Archetype | Description |
|-----------|-------------|
| `workspace-home` | Dashboard with activity feed and recent docs |
| `document-editor` | Main editing experience with presence and comments |
| `workspace-settings` | General, members, permissions, billing pages |
| `marketing-productivity` | SaaS landing page for productivity tools |

**Blueprint:**
- `content/blueprints/realtime-collaboration-workspace.json` — 24 routes across marketing, auth, workspace, and settings

### Validation
- All 19 JSON files pass syntax validation
- All 280 tests pass
- CLI lists the new theme, recipe, patterns, archetypes, and blueprint

### Test Directory
- Created `/Users/davidaimi/projects/test-collaboration` for testing
