I'll start by reading the Carbon AI Portal spec to understand the structural template, then invoke the brainstorming skill for this creative design work.
Let me read a few existing patterns to understand the JSON structure, then I'll write the design spec.
This is a substantial implementation task. Let me create a todo list to track progress and begin with the design specification.
I see there's an existing `financial-dashboard.json` for a different domain. Let me create the property management financial archetype with a different name and continue with the other archetypes.
## Summary

Successfully created the Property Management Portal Blueprint. Here's what was delivered:

### Files Created

**Design Specification:**
- `docs/superpowers/specs/2026-03-27-property-management-portal-design.md`

**Theme & Recipe:**
- `content/themes/estate.json` - Professional warm theme with navy/green/gold palette, light mode default
- `content/recipes/estate.json` - Data-dense layouts, professional animations, status-driven styling

**18 Patterns:**
- `property-card.json`, `property-grid.json`, `property-detail.json`
- `unit-list.json`, `unit-detail.json`
- `tenant-card.json`, `tenant-directory.json`
- `lease-manager.json`, `rent-roll.json`, `payment-history.json`
- `maintenance-ticket.json`, `maintenance-board.json` (Kanban with drag-drop)
- `vacancy-tracker.json`, `pnl-dashboard.json`, `expense-tracker.json`
- `document-vault.json`, `tenant-payment-setup.json`, `rent-reminder.json`

**8 Archetypes:**
- `owner-dashboard.json` - Portfolio overview
- `property-manager.json` - Property CRUD
- `tenant-manager.json` - Tenant management
- `pm-financials.json` - P&L, rent roll, expenses
- `maintenance-center.json` - Kanban tickets
- `tenant-portal.json` - Tenant self-service
- `tenant-payments.json` - Autopay setup
- `marketing-realestate.json` - SaaS landing page

**Blueprint:**
- `content/blueprints/property-management-portal.json` - Full route map with 30+ routes

### Key Features
- Light mode default (business standard)
- Dual shell architecture: `sidebar-main` for owners, `top-nav-main` for tenants
- Real NOI/P&L calculations in financial patterns
- Drag-drop maintenance board
- Complete autopay flow with ACH/card setup
- CVD support for deuteranopia and protanopia
