Operating as Principal Decantr Engineer with full architecture awareness. Let me read the existing CLI structure first.
Now let me find how commands are registered in `index.ts` and look at an existing command pattern.
Now let me look at the tokens.css format to understand what we're parsing.
Good. I have a clear picture. Let me also check where the end of the switch statement is.
Now let me look at an existing test for patterns.
Now I have everything I need. Let me implement the export command and tests.
Now register the command in `index.ts` — add the import, help text, and switch case.
Now add the switch case before the `default`:
Build succeeds. Now run the tests.
All 700 tests pass, including all 18 new export tests.
Done. Here's what was implemented:

**New file:** `packages/cli/src/commands/export.ts`
- `parseTokensCSS()` — extracts `--d-*` tokens from CSS
- `generateShadcnCSS()` — maps tokens to shadcn variables (`--background`, `--foreground`, `--card`, etc.) wrapped in `@layer base`
- `generateShadcnComponentsJSON()` — produces a `components.json` config
- `generateTailwindConfig()` — maps to `extend.colors`, `extend.borderRadius`, `extend.boxShadow` in a typed config file
- `generateCSSVars()` — standalone CSS custom properties export
- `cmdExport()` — orchestrates: reads essence + tokens.css, generates target files

**Modified:** `packages/cli/src/index.ts`
- Added import + `export` case in the command switch with `--to` and `--output` flag parsing
- Added to help text

**New file:** `packages/cli/test/export.test.ts` — 18 tests covering token parsing, all three generators, the full command flow (file I/O), custom output paths, and graceful error handling.
