This is a substantial creative and implementation task. Let me invoke the writing-plans skill since I have detailed requirements for a multi-step task.
I'm using the writing-plans skill to create the implementation plan.

First, let me read the reference spec and existing content to understand the format.
Let me also read some existing patterns and archetypes to understand the exact format.
I have all the context needed. Let me create the design spec document first, then the implementation plan.
All 13 patterns are complete. Now let me create the archetypes.
All tests pass. Let me also verify the CLI can list and search the new content.
## Implementation Complete

I've created the complete **Creator Monetization Platform** blueprint with all supporting files:

### Files Created

**Design Spec:**
- `docs/superpowers/specs/2026-03-27-creator-monetization-platform-design.md`

**Theme & Recipe:**
- `content/themes/studio.json` - Warm, creative theme with coral (#F97316) and purple (#8B5CF6) accents
- `content/recipes/studio.json` - Friendly animations, soft rounded cards, premium feel

**13 New Patterns:**
| Pattern | Description |
|---------|-------------|
| `content-uploader` | Drag-drop media upload with previews |
| `tier-builder` | Subscription tier configuration with drag-reorder |
| `tier-card` | Single tier display with pricing/benefits |
| `subscriber-list` | Fan management table with filters/export |
| `earnings-dashboard` | Revenue analytics with charts |
| `payout-settings` | Bank/payment configuration |
| `storefront-hero` | Creator landing banner |
| `product-grid` | Purchasable items grid with filters |
| `product-card` | Single product display card |
| `checkout-flow` | Subscribe/purchase checkout process |
| `creator-profile` | Public creator page with tabs |
| `content-feed` | Exclusive content feed with unlock gates |
| `unlock-gate` | Paywall/tier gate component |

**9 New Archetypes:**
- `creator-dashboard`, `creator-earnings`, `creator-content`, `creator-subscribers`, `creator-tiers`
- `fan-storefront`, `fan-library`, `fan-checkout`, `marketing-creator`

**Blueprint:**
- `content/blueprints/creator-monetization-platform.json` - 35 routes with dual-shell architecture

### Validation
- All 280 tests passing
- All patterns, archetypes, themes, recipes, and blueprints load correctly
- CLI commands (list, get, search) work with new content
